  AlgoTradingBot.cpp
c:\algotradingbot\source\cppclient\client\ereaderossignal.h(29): warning C4290: C++ exception specification ignored except to indicate a function is not __declspec(nothrow)
  Info: Boost.Config is older than your compiler version - probably nothing bad will happen - but you may wish to look for an update Boost version.  Define BOOST_CONFIG_SUPPRESS_OUTDATED_MESSAGE to suppress this message.
c:\boost_1_66_0\boost_1_66_0\boost\iostreams\positioning.hpp(96): error C4996: 'std::fpos<_Mbstatet>::seekpos': warning STL4019: The member std::fpos::seekpos() is non-Standard, and is preserved only for compatibility with workarounds for old versions of Visual C++. It will be removed in a future release, and in this release always returns 0. Please use standards-conforming mechanisms to manipulate fpos, such as conversions to and from streamoff, or an integral type, instead. If you are receiving this message while compiling Boost.IOStreams, a fix has been submitted upstream to make Boost use standards-conforming mechanisms, as it does for other compilers. You can define _SILENCE_FPOS_SEEKPOS_DEPRECATION_WARNING to acknowledge that you have received this warning, or define _REMOVE_FPOS_SEEKPOS to remove std::fpos::seekpos entirely.
  c:\program files (x86)\microsoft visual studio\2017\community\vc\tools\msvc\14.15.26726\include\iosfwd(59): note: see declaration of 'std::fpos<_Mbstatet>::seekpos'
  TestCPPClient.cpp
c:\algotradingbot\source\cppclient\client\ereaderossignal.h(29): warning C4290: C++ exception specification ignored except to indicate a function is not __declspec(nothrow)
  Info: Boost.Config is older than your compiler version - probably nothing bad will happen - but you may wish to look for an update Boost version.  Define BOOST_CONFIG_SUPPRESS_OUTDATED_MESSAGE to suppress this message.
c:\algotradingbot\algotradingbot\testcppclient.cpp(248): warning C4244: 'argument': conversion from 'double' to '_Ty', possible loss of data
          with
          [
              _Ty=int
          ]
c:\algotradingbot\algotradingbot\testcppclient.cpp(259): warning C4244: 'initializing': conversion from '_Ty' to 'int', possible loss of data
          with
          [
              _Ty=time_t
          ]
c:\algotradingbot\algotradingbot\testcppclient.cpp(259): warning C4244: 'initializing': conversion from '_Ty' to 'const int', possible loss of data
          with
          [
              _Ty=time_t
          ]
c:\algotradingbot\algotradingbot\testcppclient.cpp(260): warning C4244: 'initializing': conversion from '_Ty' to 'int', possible loss of data
          with
          [
              _Ty=time_t
          ]
c:\algotradingbot\algotradingbot\testcppclient.cpp(260): warning C4244: 'initializing': conversion from '_Ty' to 'const int', possible loss of data
          with
          [
              _Ty=time_t
          ]
